17 Nov 2020 12:45:56 [DEBUG] [org.hibernate.hql.internal.QueryTranslatorFactoryInitiator:45] QueryTranslatorFactory: org.hibernate.hql.internal.ast.ASTQueryTranslatorFactory@56826a75
17 Nov 2020 12:45:56 [DEBUG] [org.hibernate.hql.internal.ast.QueryTranslatorImpl:292] parse() - HQL: SELECT s.course.id, count(s)
 FROM model.Student s 
GROUP BY s.course.id
17 Nov 2020 12:45:56 [DEBUG] [org.hibernate.hql.internal.ast.ErrorTracker:97] throwQueryException() : no errors
17 Nov 2020 12:45:56 [DEBUG] [org.hibernate.hql.internal.ast.QueryTranslatorImpl:313] --- HQL AST ---
 \-[QUERY] Node: 'query'
    +-[SELECT_FROM] Node: 'SELECT_FROM'
    |  +-[FROM] Node: 'FROM'
    |  |  \-[RANGE] Node: 'RANGE'
    |  |     +-[DOT] Node: '.'
    |  |     |  +-[IDENT] Node: 'model'
    |  |     |  \-[IDENT] Node: 'Student'
    |  |     \-[ALIAS] Node: 's'
    |  \-[SELECT] Node: 'SELECT'
    |     +-[DOT] Node: '.'
    |     |  +-[DOT] Node: '.'
    |     |  |  +-[IDENT] Node: 's'
    |     |  |  \-[IDENT] Node: 'course'
    |     |  \-[IDENT] Node: 'id'
    |     \-[COUNT] Node: 'count'
    |        \-[IDENT] Node: 's'
    \-[GROUP] Node: 'GROUP'
       \-[DOT] Node: '.'
          +-[DOT] Node: '.'
          |  +-[IDENT] Node: 's'
          |  \-[IDENT] Node: 'course'
          \-[IDENT] Node: 'id'

17 Nov 2020 12:45:56 [DEBUG] [org.hibernate.hql.internal.antlr.HqlSqlBaseWalker:124] select << begin [level=1, statement=select]
17 Nov 2020 12:45:56 [DEBUG] [org.hibernate.hql.internal.ast.tree.FromElement:153] FromClause{level=1} : model.Student (s) -> student0_
17 Nov 2020 12:45:56 [DEBUG] [org.hibernate.hql.internal.ast.tree.FromReferenceNode:60] Resolved : s -> student0_.STUDENT_ID
17 Nov 2020 12:45:56 [TRACE] [org.hibernate.hql.internal.ast.tree.FromElement:664] Handling property dereference [model.Student (s) -> course (class)]
17 Nov 2020 12:45:56 [DEBUG] [org.hibernate.hql.internal.ast.tree.DotNode:694] getDataType() : course -> org.hibernate.type.ManyToOneType(model.Course)
17 Nov 2020 12:45:56 [DEBUG] [org.hibernate.hql.internal.ast.tree.DotNode:652] dereferenceShortcut() : property id in model.Student does not require a join.
17 Nov 2020 12:45:56 [DEBUG] [org.hibernate.hql.internal.ast.tree.DotNode:678] Unresolved property path is now 'course.id'
17 Nov 2020 12:45:56 [DEBUG] [org.hibernate.hql.internal.ast.tree.FromReferenceNode:60] Resolved : s.course -> student0_.COURSE_ID
17 Nov 2020 12:45:56 [TRACE] [org.hibernate.hql.internal.ast.tree.FromElement:664] Handling property dereference [model.Student (s) -> id (class)]
17 Nov 2020 12:45:56 [DEBUG] [org.hibernate.hql.internal.ast.tree.DotNode:694] getDataType() : course.id -> org.hibernate.type.IntegerType@3f053c80
17 Nov 2020 12:45:56 [DEBUG] [org.hibernate.hql.internal.ast.tree.FromReferenceNode:60] Resolved : s.course.id -> student0_.COURSE_ID
17 Nov 2020 12:45:56 [TRACE] [org.hibernate.hql.internal.ast.tree.FromElement:664] Handling property dereference [model.Student (s) -> id (class)]
17 Nov 2020 12:45:56 [TRACE] [org.hibernate.hql.internal.ast.tree.FromElement:664] Handling property dereference [model.Student (s) -> course (class)]
17 Nov 2020 12:45:56 [DEBUG] [org.hibernate.hql.internal.ast.tree.FromReferenceNode:60] Resolved : s -> student0_.STUDENT_ID
17 Nov 2020 12:45:56 [DEBUG] [org.hibernate.hql.internal.ast.tree.FromReferenceNode:60] Resolved : s -> student0_.STUDENT_ID
17 Nov 2020 12:45:56 [TRACE] [org.hibernate.hql.internal.ast.tree.FromElement:664] Handling property dereference [model.Student (s) -> course (class)]
17 Nov 2020 12:45:56 [DEBUG] [org.hibernate.hql.internal.ast.tree.DotNode:694] getDataType() : course -> org.hibernate.type.ManyToOneType(model.Course)
17 Nov 2020 12:45:56 [DEBUG] [org.hibernate.hql.internal.ast.tree.DotNode:652] dereferenceShortcut() : property id in model.Student does not require a join.
17 Nov 2020 12:45:56 [DEBUG] [org.hibernate.hql.internal.ast.tree.DotNode:678] Unresolved property path is now 'course.id'
17 Nov 2020 12:45:56 [DEBUG] [org.hibernate.hql.internal.ast.tree.FromReferenceNode:60] Resolved : s.course -> student0_.COURSE_ID
17 Nov 2020 12:45:56 [TRACE] [org.hibernate.hql.internal.ast.tree.FromElement:664] Handling property dereference [model.Student (s) -> id (class)]
17 Nov 2020 12:45:56 [DEBUG] [org.hibernate.hql.internal.ast.tree.DotNode:694] getDataType() : course.id -> org.hibernate.type.IntegerType@3f053c80
17 Nov 2020 12:45:56 [DEBUG] [org.hibernate.hql.internal.ast.tree.FromReferenceNode:60] Resolved : s.course.id -> student0_.COURSE_ID
17 Nov 2020 12:45:56 [DEBUG] [org.hibernate.hql.internal.antlr.HqlSqlBaseWalker:128] select : finishing up [level=1, statement=select]
17 Nov 2020 12:45:56 [DEBUG] [org.hibernate.hql.internal.ast.HqlSqlWalker:760] processQuery() :  ( SELECT ( {select clause} ( student0_.COURSE_ID ( student0_.COURSE_ID student0_.STUDENT_ID course ) id ) ( count student0_.STUDENT_ID ) ) ( FromClause{level=1} STUDENTS student0_ ) ( GROUP ( student0_.COURSE_ID ( student0_.COURSE_ID student0_.STUDENT_ID course ) id ) ) )
17 Nov 2020 12:45:56 [DEBUG] [org.hibernate.hql.internal.ast.util.JoinProcessor:129] Tables referenced from query nodes:
 \-QueryNode
    +-SelectClause
    |  +-DotNode
    |  | persister: JoinedSubclassEntityPersister(model.Student)
    |  | path: s.course.id
    |  |  +-DotNode
    |  |  | persister: JoinedSubclassEntityPersister(model.Student)
    |  |  | path: s.course
    |  |  |  +-IdentNode
    |  |  |  | persister: JoinedSubclassEntityPersister(model.Student)
    |  |  |  | originalText: s
    |  |  |  \-IdentNode
    |  |  |    persister: null
    |  |  |    originalText: course
    |  |  \-IdentNode
    |  |    persister: null
    |  |    originalText: id
    |  +-SqlNode
    |  +-CountNode
    |  |  \-IdentNode
    |  |    persister: JoinedSubclassEntityPersister(model.Student)
    |  |    originalText: s
    |  \-SqlNode
    +-FromClause
    |  \-FromElement
    \-SqlNode
       \-DotNode
         persister: JoinedSubclassEntityPersister(model.Student)
         path: s.course.id
          +-DotNode
          | persister: JoinedSubclassEntityPersister(model.Student)
          | path: s.course
          |  +-IdentNode
          |  | persister: JoinedSubclassEntityPersister(model.Student)
          |  | originalText: s
          |  \-IdentNode
          |    persister: null
          |    originalText: course
          \-IdentNode
            persister: null
            originalText: id

17 Nov 2020 12:45:56 [DEBUG] [org.hibernate.hql.internal.ast.util.JoinProcessor:296] Using FROM fragment [STUDENTS student0_]
17 Nov 2020 12:45:56 [DEBUG] [org.hibernate.hql.internal.antlr.HqlSqlBaseWalker:132] select >> end [level=1, statement=select]
17 Nov 2020 12:45:56 [DEBUG] [org.hibernate.hql.internal.ast.QueryTranslatorImpl:279] --- SQL AST ---
 \-[SELECT] QueryNode: 'SELECT'  querySpaces (PERSONS,STUDENTS)
    +-[SELECT_CLAUSE] SelectClause: '{select clause}'
    |  +-[DOT] DotNode: 'student0_.COURSE_ID' {propertyName=id,dereferenceType=PRIMITIVE,getPropertyPath=course.id,path=s.course.id,tableAlias=student0_,className=model.Student,classAlias=s}
    |  |  +-[DOT] DotNode: 'student0_.COURSE_ID' {propertyName=id,dereferenceType=UNKNOWN,getPropertyPath=course.id,path=s.course,tableAlias=student0_,className=model.Student,classAlias=s}
    |  |  |  +-[ALIAS_REF] IdentNode: 'student0_.STUDENT_ID' {alias=s, className=model.Student, tableAlias=student0_}
    |  |  |  \-[IDENT] IdentNode: 'course' {originalText=course}
    |  |  \-[IDENT] IdentNode: 'id' {originalText=id}
    |  +-[SELECT_COLUMNS] SqlNode: ' as col_0_0_'
    |  +-[COUNT] CountNode: 'count'
    |  |  \-[ALIAS_REF] IdentNode: 'student0_.STUDENT_ID' {alias=s, className=model.Student, tableAlias=student0_}
    |  \-[SELECT_COLUMNS] SqlNode: ' as col_1_0_'
    +-[FROM] FromClause: 'FROM' FromClause{level=1, fromElementCounter=1, fromElements=1, fromElementByClassAlias=[s], fromElementByTableAlias=[student0_], fromElementsByPath=[], collectionJoinFromElementsByPath=[], impliedElements=[]}
    |  \-[FROM_FRAGMENT] FromElement: 'STUDENTS student0_' FromElement{explicit,not a collection join,not a fetch join,fetch non-lazy properties,classAlias=s,role=null,tableName=STUDENTS,tableAlias=student0_,origin=null,columns={,className=model.Student}}
    \-[GROUP] SqlNode: 'GROUP'
       \-[DOT] DotNode: 'student0_.COURSE_ID' {propertyName=id,dereferenceType=PRIMITIVE,getPropertyPath=course.id,path=s.course.id,tableAlias=student0_,className=model.Student,classAlias=s}
          +-[DOT] DotNode: 'student0_.COURSE_ID' {propertyName=id,dereferenceType=UNKNOWN,getPropertyPath=course.id,path=s.course,tableAlias=student0_,className=model.Student,classAlias=s}
          |  +-[ALIAS_REF] IdentNode: 'student0_.STUDENT_ID' {alias=s, className=model.Student, tableAlias=student0_}
          |  \-[IDENT] IdentNode: 'course' {originalText=course}
          \-[IDENT] IdentNode: 'id' {originalText=id}

17 Nov 2020 12:45:56 [DEBUG] [org.hibernate.hql.internal.ast.ErrorTracker:97] throwQueryException() : no errors
17 Nov 2020 12:45:56 [DEBUG] [org.hibernate.hql.internal.ast.QueryTranslatorImpl:258] HQL: SELECT s.course.id, count(s)
 FROM model.Student s 
GROUP BY s.course.id
17 Nov 2020 12:45:56 [DEBUG] [org.hibernate.hql.internal.ast.QueryTranslatorImpl:259] SQL: select student0_.COURSE_ID as col_0_0_, count(student0_.STUDENT_ID) as col_1_0_ from STUDENTS student0_ group by student0_.COURSE_ID
17 Nov 2020 12:45:56 [DEBUG] [org.hibernate.hql.internal.ast.ErrorTracker:97] throwQueryException() : no errors
