17 Nov 2020 12:45:53 [DEBUG] [org.hibernate.type.BasicTypeRegistry:157] Adding type registration boolean -> org.hibernate.type.BooleanType@4678a2eb
17 Nov 2020 12:45:53 [DEBUG] [org.hibernate.type.BasicTypeRegistry:157] Adding type registration boolean -> org.hibernate.type.BooleanType@4678a2eb
17 Nov 2020 12:45:53 [DEBUG] [org.hibernate.type.BasicTypeRegistry:157] Adding type registration java.lang.Boolean -> org.hibernate.type.BooleanType@4678a2eb
17 Nov 2020 12:45:53 [DEBUG] [org.hibernate.type.BasicTypeRegistry:157] Adding type registration numeric_boolean -> org.hibernate.type.NumericBooleanType@51cd7ffc
17 Nov 2020 12:45:53 [DEBUG] [org.hibernate.type.BasicTypeRegistry:157] Adding type registration true_false -> org.hibernate.type.TrueFalseType@7a791b66
17 Nov 2020 12:45:53 [DEBUG] [org.hibernate.type.BasicTypeRegistry:157] Adding type registration yes_no -> org.hibernate.type.YesNoType@6b9ce1bf
17 Nov 2020 12:45:53 [DEBUG] [org.hibernate.type.BasicTypeRegistry:157] Adding type registration byte -> org.hibernate.type.ByteType@192d74fb
17 Nov 2020 12:45:53 [DEBUG] [org.hibernate.type.BasicTypeRegistry:157] Adding type registration byte -> org.hibernate.type.ByteType@192d74fb
17 Nov 2020 12:45:53 [DEBUG] [org.hibernate.type.BasicTypeRegistry:157] Adding type registration java.lang.Byte -> org.hibernate.type.ByteType@192d74fb
17 Nov 2020 12:45:53 [DEBUG] [org.hibernate.type.BasicTypeRegistry:157] Adding type registration character -> org.hibernate.type.CharacterType@5bfa8cc5
17 Nov 2020 12:45:53 [DEBUG] [org.hibernate.type.BasicTypeRegistry:157] Adding type registration char -> org.hibernate.type.CharacterType@5bfa8cc5
17 Nov 2020 12:45:53 [DEBUG] [org.hibernate.type.BasicTypeRegistry:157] Adding type registration java.lang.Character -> org.hibernate.type.CharacterType@5bfa8cc5
17 Nov 2020 12:45:53 [DEBUG] [org.hibernate.type.BasicTypeRegistry:157] Adding type registration short -> org.hibernate.type.ShortType@4a3329b9
17 Nov 2020 12:45:53 [DEBUG] [org.hibernate.type.BasicTypeRegistry:157] Adding type registration short -> org.hibernate.type.ShortType@4a3329b9
17 Nov 2020 12:45:53 [DEBUG] [org.hibernate.type.BasicTypeRegistry:157] Adding type registration java.lang.Short -> org.hibernate.type.ShortType@4a3329b9
17 Nov 2020 12:45:53 [DEBUG] [org.hibernate.type.BasicTypeRegistry:157] Adding type registration integer -> org.hibernate.type.IntegerType@3f053c80
17 Nov 2020 12:45:53 [DEBUG] [org.hibernate.type.BasicTypeRegistry:157] Adding type registration int -> org.hibernate.type.IntegerType@3f053c80
17 Nov 2020 12:45:53 [DEBUG] [org.hibernate.type.BasicTypeRegistry:157] Adding type registration java.lang.Integer -> org.hibernate.type.IntegerType@3f053c80
17 Nov 2020 12:45:53 [DEBUG] [org.hibernate.type.BasicTypeRegistry:157] Adding type registration long -> org.hibernate.type.LongType@47605f2f
17 Nov 2020 12:45:53 [DEBUG] [org.hibernate.type.BasicTypeRegistry:157] Adding type registration long -> org.hibernate.type.LongType@47605f2f
17 Nov 2020 12:45:53 [DEBUG] [org.hibernate.type.BasicTypeRegistry:157] Adding type registration java.lang.Long -> org.hibernate.type.LongType@47605f2f
17 Nov 2020 12:45:53 [DEBUG] [org.hibernate.type.BasicTypeRegistry:157] Adding type registration float -> org.hibernate.type.FloatType@242aa8d9
17 Nov 2020 12:45:53 [DEBUG] [org.hibernate.type.BasicTypeRegistry:157] Adding type registration float -> org.hibernate.type.FloatType@242aa8d9
17 Nov 2020 12:45:53 [DEBUG] [org.hibernate.type.BasicTypeRegistry:157] Adding type registration java.lang.Float -> org.hibernate.type.FloatType@242aa8d9
17 Nov 2020 12:45:53 [DEBUG] [org.hibernate.type.BasicTypeRegistry:157] Adding type registration double -> org.hibernate.type.DoubleType@45cff11c
17 Nov 2020 12:45:53 [DEBUG] [org.hibernate.type.BasicTypeRegistry:157] Adding type registration double -> org.hibernate.type.DoubleType@45cff11c
17 Nov 2020 12:45:53 [DEBUG] [org.hibernate.type.BasicTypeRegistry:157] Adding type registration java.lang.Double -> org.hibernate.type.DoubleType@45cff11c
17 Nov 2020 12:45:53 [DEBUG] [org.hibernate.type.BasicTypeRegistry:157] Adding type registration big_decimal -> org.hibernate.type.BigDecimalType@630cb4a4
17 Nov 2020 12:45:53 [DEBUG] [org.hibernate.type.BasicTypeRegistry:157] Adding type registration java.math.BigDecimal -> org.hibernate.type.BigDecimalType@630cb4a4
17 Nov 2020 12:45:53 [DEBUG] [org.hibernate.type.BasicTypeRegistry:157] Adding type registration big_integer -> org.hibernate.type.BigIntegerType@5b057c8c
17 Nov 2020 12:45:53 [DEBUG] [org.hibernate.type.BasicTypeRegistry:157] Adding type registration java.math.BigInteger -> org.hibernate.type.BigIntegerType@5b057c8c
17 Nov 2020 12:45:53 [DEBUG] [org.hibernate.type.BasicTypeRegistry:157] Adding type registration string -> org.hibernate.type.StringType@1e1d3956
17 Nov 2020 12:45:53 [DEBUG] [org.hibernate.type.BasicTypeRegistry:157] Adding type registration java.lang.String -> org.hibernate.type.StringType@1e1d3956
17 Nov 2020 12:45:53 [DEBUG] [org.hibernate.type.BasicTypeRegistry:157] Adding type registration nstring -> org.hibernate.type.StringNVarcharType@24d4d7c9
17 Nov 2020 12:45:53 [DEBUG] [org.hibernate.type.BasicTypeRegistry:157] Adding type registration ncharacter -> org.hibernate.type.CharacterNCharType@71b3bc45
17 Nov 2020 12:45:53 [DEBUG] [org.hibernate.type.BasicTypeRegistry:157] Adding type registration url -> org.hibernate.type.UrlType@5ce33a58
17 Nov 2020 12:45:53 [DEBUG] [org.hibernate.type.BasicTypeRegistry:157] Adding type registration java.net.URL -> org.hibernate.type.UrlType@5ce33a58
17 Nov 2020 12:45:53 [DEBUG] [org.hibernate.type.BasicTypeRegistry:157] Adding type registration Duration -> org.hibernate.type.DurationType@25748410
17 Nov 2020 12:45:53 [DEBUG] [org.hibernate.type.BasicTypeRegistry:157] Adding type registration java.time.Duration -> org.hibernate.type.DurationType@25748410
17 Nov 2020 12:45:53 [DEBUG] [org.hibernate.type.BasicTypeRegistry:157] Adding type registration Instant -> org.hibernate.type.InstantType@1433046b
17 Nov 2020 12:45:53 [DEBUG] [org.hibernate.type.BasicTypeRegistry:157] Adding type registration java.time.Instant -> org.hibernate.type.InstantType@1433046b
17 Nov 2020 12:45:53 [DEBUG] [org.hibernate.type.BasicTypeRegistry:157] Adding type registration LocalDateTime -> org.hibernate.type.LocalDateTimeType@61bcd567
17 Nov 2020 12:45:53 [DEBUG] [org.hibernate.type.BasicTypeRegistry:157] Adding type registration java.time.LocalDateTime -> org.hibernate.type.LocalDateTimeType@61bcd567
17 Nov 2020 12:45:53 [DEBUG] [org.hibernate.type.BasicTypeRegistry:157] Adding type registration LocalDate -> org.hibernate.type.LocalDateType@51e8e6e6
17 Nov 2020 12:45:53 [DEBUG] [org.hibernate.type.BasicTypeRegistry:157] Adding type registration java.time.LocalDate -> org.hibernate.type.LocalDateType@51e8e6e6
17 Nov 2020 12:45:53 [DEBUG] [org.hibernate.type.BasicTypeRegistry:157] Adding type registration LocalTime -> org.hibernate.type.LocalTimeType@7fc44dec
17 Nov 2020 12:45:53 [DEBUG] [org.hibernate.type.BasicTypeRegistry:157] Adding type registration java.time.LocalTime -> org.hibernate.type.LocalTimeType@7fc44dec
17 Nov 2020 12:45:53 [DEBUG] [org.hibernate.type.BasicTypeRegistry:157] Adding type registration OffsetDateTime -> org.hibernate.type.OffsetDateTimeType@74cadd41
17 Nov 2020 12:45:53 [DEBUG] [org.hibernate.type.BasicTypeRegistry:157] Adding type registration java.time.OffsetDateTime -> org.hibernate.type.OffsetDateTimeType@74cadd41
17 Nov 2020 12:45:53 [DEBUG] [org.hibernate.type.BasicTypeRegistry:157] Adding type registration OffsetTime -> org.hibernate.type.OffsetTimeType@878452d
17 Nov 2020 12:45:53 [DEBUG] [org.hibernate.type.BasicTypeRegistry:157] Adding type registration java.time.OffsetTime -> org.hibernate.type.OffsetTimeType@878452d
17 Nov 2020 12:45:53 [DEBUG] [org.hibernate.type.BasicTypeRegistry:157] Adding type registration ZonedDateTime -> org.hibernate.type.ZonedDateTimeType@165b2f7f
17 Nov 2020 12:45:53 [DEBUG] [org.hibernate.type.BasicTypeRegistry:157] Adding type registration java.time.ZonedDateTime -> org.hibernate.type.ZonedDateTimeType@165b2f7f
17 Nov 2020 12:45:53 [DEBUG] [org.hibernate.type.BasicTypeRegistry:157] Adding type registration date -> org.hibernate.type.DateType@5ddabb18
17 Nov 2020 12:45:53 [DEBUG] [org.hibernate.type.BasicTypeRegistry:157] Adding type registration java.sql.Date -> org.hibernate.type.DateType@5ddabb18
17 Nov 2020 12:45:53 [DEBUG] [org.hibernate.type.BasicTypeRegistry:157] Adding type registration time -> org.hibernate.type.TimeType@6ca0256d
17 Nov 2020 12:45:53 [DEBUG] [org.hibernate.type.BasicTypeRegistry:157] Adding type registration java.sql.Time -> org.hibernate.type.TimeType@6ca0256d
17 Nov 2020 12:45:53 [DEBUG] [org.hibernate.type.BasicTypeRegistry:157] Adding type registration timestamp -> org.hibernate.type.TimestampType@2c3dec30
17 Nov 2020 12:45:53 [DEBUG] [org.hibernate.type.BasicTypeRegistry:157] Adding type registration java.sql.Timestamp -> org.hibernate.type.TimestampType@2c3dec30
17 Nov 2020 12:45:53 [DEBUG] [org.hibernate.type.BasicTypeRegistry:157] Adding type registration java.util.Date -> org.hibernate.type.TimestampType@2c3dec30
17 Nov 2020 12:45:53 [DEBUG] [org.hibernate.type.BasicTypeRegistry:157] Adding type registration dbtimestamp -> org.hibernate.type.DbTimestampType@3fc9dfc5
17 Nov 2020 12:45:53 [DEBUG] [org.hibernate.type.BasicTypeRegistry:157] Adding type registration calendar -> org.hibernate.type.CalendarType@73c60324
17 Nov 2020 12:45:53 [DEBUG] [org.hibernate.type.BasicTypeRegistry:157] Adding type registration java.util.Calendar -> org.hibernate.type.CalendarType@73c60324
17 Nov 2020 12:45:53 [DEBUG] [org.hibernate.type.BasicTypeRegistry:157] Adding type registration java.util.GregorianCalendar -> org.hibernate.type.CalendarType@73c60324
17 Nov 2020 12:45:53 [DEBUG] [org.hibernate.type.BasicTypeRegistry:157] Adding type registration calendar_date -> org.hibernate.type.CalendarDateType@2cb3d0f7
17 Nov 2020 12:45:53 [DEBUG] [org.hibernate.type.BasicTypeRegistry:157] Adding type registration calendar_time -> org.hibernate.type.CalendarTimeType@1ddae9b5
17 Nov 2020 12:45:53 [DEBUG] [org.hibernate.type.BasicTypeRegistry:157] Adding type registration locale -> org.hibernate.type.LocaleType@67389cb8
17 Nov 2020 12:45:53 [DEBUG] [org.hibernate.type.BasicTypeRegistry:157] Adding type registration java.util.Locale -> org.hibernate.type.LocaleType@67389cb8
17 Nov 2020 12:45:53 [DEBUG] [org.hibernate.type.BasicTypeRegistry:157] Adding type registration currency -> org.hibernate.type.CurrencyType@346939bf
17 Nov 2020 12:45:53 [DEBUG] [org.hibernate.type.BasicTypeRegistry:157] Adding type registration java.util.Currency -> org.hibernate.type.CurrencyType@346939bf
17 Nov 2020 12:45:53 [DEBUG] [org.hibernate.type.BasicTypeRegistry:157] Adding type registration timezone -> org.hibernate.type.TimeZoneType@6e4de19b
17 Nov 2020 12:45:53 [DEBUG] [org.hibernate.type.BasicTypeRegistry:157] Adding type registration java.util.TimeZone -> org.hibernate.type.TimeZoneType@6e4de19b
17 Nov 2020 12:45:53 [DEBUG] [org.hibernate.type.BasicTypeRegistry:157] Adding type registration class -> org.hibernate.type.ClassType@10650953
17 Nov 2020 12:45:53 [DEBUG] [org.hibernate.type.BasicTypeRegistry:157] Adding type registration java.lang.Class -> org.hibernate.type.ClassType@10650953
17 Nov 2020 12:45:53 [DEBUG] [org.hibernate.type.BasicTypeRegistry:157] Adding type registration uuid-binary -> org.hibernate.type.UUIDBinaryType@7db82169
17 Nov 2020 12:45:53 [DEBUG] [org.hibernate.type.BasicTypeRegistry:157] Adding type registration java.util.UUID -> org.hibernate.type.UUIDBinaryType@7db82169
17 Nov 2020 12:45:53 [DEBUG] [org.hibernate.type.BasicTypeRegistry:157] Adding type registration uuid-char -> org.hibernate.type.UUIDCharType@3f28bd56
17 Nov 2020 12:45:53 [DEBUG] [org.hibernate.type.BasicTypeRegistry:157] Adding type registration binary -> org.hibernate.type.BinaryType@24fb6a80
17 Nov 2020 12:45:53 [DEBUG] [org.hibernate.type.BasicTypeRegistry:157] Adding type registration byte[] -> org.hibernate.type.BinaryType@24fb6a80
17 Nov 2020 12:45:53 [DEBUG] [org.hibernate.type.BasicTypeRegistry:157] Adding type registration [B -> org.hibernate.type.BinaryType@24fb6a80
17 Nov 2020 12:45:53 [DEBUG] [org.hibernate.type.BasicTypeRegistry:157] Adding type registration wrapper-binary -> org.hibernate.type.WrapperBinaryType@b40bb6e
17 Nov 2020 12:45:53 [DEBUG] [org.hibernate.type.BasicTypeRegistry:157] Adding type registration Byte[] -> org.hibernate.type.WrapperBinaryType@b40bb6e
17 Nov 2020 12:45:53 [DEBUG] [org.hibernate.type.BasicTypeRegistry:157] Adding type registration [Ljava.lang.Byte; -> org.hibernate.type.WrapperBinaryType@b40bb6e
17 Nov 2020 12:45:53 [DEBUG] [org.hibernate.type.BasicTypeRegistry:157] Adding type registration row_version -> org.hibernate.type.RowVersionType@346a361
17 Nov 2020 12:45:53 [DEBUG] [org.hibernate.type.BasicTypeRegistry:157] Adding type registration image -> org.hibernate.type.ImageType@2e029d61
17 Nov 2020 12:45:53 [DEBUG] [org.hibernate.type.BasicTypeRegistry:157] Adding type registration characters -> org.hibernate.type.CharArrayType@267f474e
17 Nov 2020 12:45:53 [DEBUG] [org.hibernate.type.BasicTypeRegistry:157] Adding type registration char[] -> org.hibernate.type.CharArrayType@267f474e
17 Nov 2020 12:45:53 [DEBUG] [org.hibernate.type.BasicTypeRegistry:157] Adding type registration [C -> org.hibernate.type.CharArrayType@267f474e
17 Nov 2020 12:45:53 [DEBUG] [org.hibernate.type.BasicTypeRegistry:157] Adding type registration wrapper-characters -> org.hibernate.type.CharacterArrayType@2ed3b1f5
17 Nov 2020 12:45:53 [DEBUG] [org.hibernate.type.BasicTypeRegistry:157] Adding type registration [Ljava.lang.Character; -> org.hibernate.type.CharacterArrayType@2ed3b1f5
17 Nov 2020 12:45:53 [DEBUG] [org.hibernate.type.BasicTypeRegistry:157] Adding type registration Character[] -> org.hibernate.type.CharacterArrayType@2ed3b1f5
17 Nov 2020 12:45:53 [DEBUG] [org.hibernate.type.BasicTypeRegistry:157] Adding type registration text -> org.hibernate.type.TextType@7651218e
17 Nov 2020 12:45:53 [DEBUG] [org.hibernate.type.BasicTypeRegistry:157] Adding type registration ntext -> org.hibernate.type.NTextType@24faea88
17 Nov 2020 12:45:53 [DEBUG] [org.hibernate.type.BasicTypeRegistry:157] Adding type registration blob -> org.hibernate.type.BlobType@3faf2e7d
17 Nov 2020 12:45:53 [DEBUG] [org.hibernate.type.BasicTypeRegistry:157] Adding type registration java.sql.Blob -> org.hibernate.type.BlobType@3faf2e7d
17 Nov 2020 12:45:53 [DEBUG] [org.hibernate.type.BasicTypeRegistry:157] Adding type registration materialized_blob -> org.hibernate.type.MaterializedBlobType@274872f8
17 Nov 2020 12:45:53 [DEBUG] [org.hibernate.type.BasicTypeRegistry:157] Adding type registration clob -> org.hibernate.type.ClobType@d5ae57e
17 Nov 2020 12:45:53 [DEBUG] [org.hibernate.type.BasicTypeRegistry:157] Adding type registration java.sql.Clob -> org.hibernate.type.ClobType@d5ae57e
17 Nov 2020 12:45:53 [DEBUG] [org.hibernate.type.BasicTypeRegistry:157] Adding type registration nclob -> org.hibernate.type.NClobType@1536602f
17 Nov 2020 12:45:53 [DEBUG] [org.hibernate.type.BasicTypeRegistry:157] Adding type registration java.sql.NClob -> org.hibernate.type.NClobType@1536602f
17 Nov 2020 12:45:53 [DEBUG] [org.hibernate.type.BasicTypeRegistry:157] Adding type registration materialized_clob -> org.hibernate.type.MaterializedClobType@44c79f32
17 Nov 2020 12:45:53 [DEBUG] [org.hibernate.type.BasicTypeRegistry:157] Adding type registration materialized_nclob -> org.hibernate.type.MaterializedNClobType@c7a975a
17 Nov 2020 12:45:53 [DEBUG] [org.hibernate.type.BasicTypeRegistry:157] Adding type registration serializable -> org.hibernate.type.SerializableType@4fad94a7
17 Nov 2020 12:45:53 [DEBUG] [org.hibernate.type.BasicTypeRegistry:157] Adding type registration object -> org.hibernate.type.ObjectType@165b8a71
17 Nov 2020 12:45:53 [DEBUG] [org.hibernate.type.BasicTypeRegistry:157] Adding type registration java.lang.Object -> org.hibernate.type.ObjectType@165b8a71
17 Nov 2020 12:45:53 [DEBUG] [org.hibernate.type.BasicTypeRegistry:157] Adding type registration imm_date -> org.hibernate.type.AdaptedImmutableType@3f2ef586
17 Nov 2020 12:45:53 [DEBUG] [org.hibernate.type.BasicTypeRegistry:157] Adding type registration imm_time -> org.hibernate.type.AdaptedImmutableType@751d3241
17 Nov 2020 12:45:53 [DEBUG] [org.hibernate.type.BasicTypeRegistry:157] Adding type registration imm_timestamp -> org.hibernate.type.AdaptedImmutableType@76c7beb3
17 Nov 2020 12:45:53 [DEBUG] [org.hibernate.type.BasicTypeRegistry:157] Adding type registration imm_dbtimestamp -> org.hibernate.type.AdaptedImmutableType@64337702
17 Nov 2020 12:45:53 [DEBUG] [org.hibernate.type.BasicTypeRegistry:157] Adding type registration imm_calendar -> org.hibernate.type.AdaptedImmutableType@2cf92cc7
17 Nov 2020 12:45:53 [DEBUG] [org.hibernate.type.BasicTypeRegistry:157] Adding type registration imm_calendar_date -> org.hibernate.type.AdaptedImmutableType@30ea8c23
17 Nov 2020 12:45:53 [DEBUG] [org.hibernate.type.BasicTypeRegistry:157] Adding type registration imm_binary -> org.hibernate.type.AdaptedImmutableType@7b139eab
17 Nov 2020 12:45:53 [DEBUG] [org.hibernate.type.BasicTypeRegistry:157] Adding type registration imm_serializable -> org.hibernate.type.AdaptedImmutableType@4e76dac
17 Nov 2020 12:45:54 [DEBUG] [org.hibernate.type.spi.TypeConfiguration$Scope:152] Scoping TypeConfiguration [org.hibernate.type.spi.TypeConfiguration@21719a0] to MetadataBuildingContext [org.hibernate.boot.internal.MetadataBuildingContextRootImpl@76b224cd]
17 Nov 2020 12:45:54 [DEBUG] [org.hibernate.type.descriptor.java.spi.JavaTypeDescriptorRegistry:40] Could not find matching scoped JavaTypeDescriptor for requested Java class [goodies.BooleanConverter]; falling back to static registry
17 Nov 2020 12:45:54 [DEBUG] [org.hibernate.type.descriptor.java.spi.JavaTypeDescriptorRegistry:40] Could not find matching scoped JavaTypeDescriptor for requested Java class [java.lang.Boolean]; falling back to static registry
17 Nov 2020 12:45:54 [DEBUG] [org.hibernate.type.descriptor.java.spi.JavaTypeDescriptorRegistry:40] Could not find matching scoped JavaTypeDescriptor for requested Java class [java.lang.Character]; falling back to static registry
17 Nov 2020 12:45:54 [DEBUG] [org.hibernate.type.descriptor.converter.AttributeConverterTypeAdapter:57] Created AttributeConverterTypeAdapter -> converted::goodies.BooleanConverter
17 Nov 2020 12:45:54 [DEBUG] [org.hibernate.type.EnumType:126] Using NAMED-based conversion for Enum model.CertificationType
17 Nov 2020 12:45:54 [DEBUG] [org.hibernate.type.EnumType:126] Using NAMED-based conversion for Enum model.CertificationType
17 Nov 2020 12:45:54 [DEBUG] [org.hibernate.type.spi.TypeConfiguration$Scope:157] Scoping TypeConfiguration [org.hibernate.type.spi.TypeConfiguration@21719a0] to SessionFactoryImpl [org.hibernate.internal.SessionFactoryImpl@34acbc60]
17 Nov 2020 12:45:54 [DEBUG] [org.hibernate.type.EnumType:126] Using NAMED-based conversion for Enum model.CertificationType
17 Nov 2020 12:45:54 [DEBUG] [org.hibernate.type.EnumType:126] Using NAMED-based conversion for Enum model.CertificationType
17 Nov 2020 12:45:55 [DEBUG] [org.hibernate.type.EnumType:126] Using NAMED-based conversion for Enum model.CertificationType
17 Nov 2020 12:45:55 [DEBUG] [org.hibernate.type.EnumType:126] Using NAMED-based conversion for Enum model.CertificationType
17 Nov 2020 12:45:55 [DEBUG] [org.hibernate.type.EnumType:126] Using NAMED-based conversion for Enum model.CertificationType
17 Nov 2020 12:45:55 [DEBUG] [org.hibernate.type.EnumType:126] Using NAMED-based conversion for Enum model.CertificationType
17 Nov 2020 12:45:55 [TRACE] [org.hibernate.type.spi.TypeConfiguration$Scope:205] Handling #sessionFactoryCreated from [org.hibernate.internal.SessionFactoryImpl@34acbc60] for TypeConfiguration
17 Nov 2020 12:45:56 [DEBUG] [org.hibernate.SQL:128] select student0_.COURSE_ID as col_0_0_, count(student0_.STUDENT_ID) as col_1_0_ from STUDENTS student0_ group by student0_.COURSE_ID
17 Nov 2020 12:45:56 [TRACE] [org.hibernate.type.descriptor.sql.BasicExtractor:60] extracted value ([col_0_0_] : [INTEGER]) - [1]
17 Nov 2020 12:45:56 [TRACE] [org.hibernate.type.descriptor.sql.BasicExtractor:60] extracted value ([col_1_0_] : [BIGINT]) - [3]
17 Nov 2020 12:45:56 [TRACE] [org.hibernate.type.descriptor.sql.BasicExtractor:60] extracted value ([col_0_0_] : [INTEGER]) - [2]
17 Nov 2020 12:45:56 [TRACE] [org.hibernate.type.descriptor.sql.BasicExtractor:60] extracted value ([col_1_0_] : [BIGINT]) - [1]
